<?xml version="1.0" encoding="UTF-8"?>
<testsuite name="com.mobiapp.pedidos.controller.PedidoControllerTest" tests="6" skipped="0" failures="0" errors="0" timestamp="2025-09-20T16:37:32" hostname="CO000H7V7CM04H7" time="0.487">
  <properties/>
  <testcase name="crearPedido_conDescripcionVacia_debeRetornar400()" classname="com.mobiapp.pedidos.controller.PedidoControllerTest" time="0.445"/>
  <testcase name="obtenerPedido_inexistente_debeRetornar404()" classname="com.mobiapp.pedidos.controller.PedidoControllerTest" time="0.003"/>
  <testcase name="obtenerPedido_porId_debeRetornar200()" classname="com.mobiapp.pedidos.controller.PedidoControllerTest" time="0.01"/>
  <testcase name="crearPedido_debeRetornar200YPedidoConId()" classname="com.mobiapp.pedidos.controller.PedidoControllerTest" time="0.017"/>
  <testcase name="actualizarEstado_debeRetornar200YEstadoActualizado()" classname="com.mobiapp.pedidos.controller.PedidoControllerTest" time="0.006"/>
  <testcase name="actualizarEstado_sinEstado_debeRetornar400()" classname="com.mobiapp.pedidos.controller.PedidoControllerTest" time="0.003"/>
  <system-out><![CDATA[11:37:31.660 [Test worker] INFO org.springframework.test.context.support.AnnotationConfigContextLoaderUtils -- Could not detect default configuration classes for test class [com.mobiapp.pedidos.controller.PedidoControllerTest]: PedidoControllerTest does not declare any static, non-private, non-final, nested classes annotated with @Configuration.
11:37:31.706 [Test worker] INFO org.springframework.boot.test.context.SpringBootTestContextBootstrapper -- Found @SpringBootConfiguration com.mobiapp.pedidos.PedidosApplication for test class com.mobiapp.pedidos.controller.PedidoControllerTest

  .   ____          _            __ _ _
 /\\ / ___'_ __ _ _(_)_ __  __ _ \ \ \ \
( ( )\___ | '_ | '_| | '_ \/ _` | \ \ \ \
 \\/  ___)| |_)| | | | | || (_| |  ) ) ) )
  '  |____| .__|_| |_|_| |_\__, | / / / /
 =========|_|==============|___/=/_/_/_/

 :: Spring Boot ::               (v3.3.11)

2025-09-20T11:37:31.830-05:00  INFO 13035 --- [pedidos-api] [    Test worker] c.m.p.controller.PedidoControllerTest    : Starting PedidoControllerTest using Java 21.0.8 with PID 13035 (started by arilozano in /Users/arilozano/Documents/mobi_app/proyecto-mobiapp/backend)
2025-09-20T11:37:31.831-05:00  INFO 13035 --- [pedidos-api] [    Test worker] c.m.p.controller.PedidoControllerTest    : No active profile set, falling back to 1 default profile: "default"
2025-09-20T11:37:32.170-05:00  INFO 13035 --- [pedidos-api] [    Test worker] o.s.b.t.m.w.SpringBootMockServletContext : Initializing Spring TestDispatcherServlet ''
2025-09-20T11:37:32.170-05:00  INFO 13035 --- [pedidos-api] [    Test worker] o.s.t.web.servlet.TestDispatcherServlet  : Initializing Servlet ''
2025-09-20T11:37:32.171-05:00  INFO 13035 --- [pedidos-api] [    Test worker] o.s.t.web.servlet.TestDispatcherServlet  : Completed initialization in 1 ms
2025-09-20T11:37:32.181-05:00  INFO 13035 --- [pedidos-api] [    Test worker] c.m.p.controller.PedidoControllerTest    : Started PedidoControllerTest in 0.432 seconds (process running for 0.836)
]]></system-out>
  <system-err><![CDATA[WARNING: A Java agent has been loaded dynamically (/Users/arilozano/.gradle/caches/modules-2/files-2.1/net.bytebuddy/byte-buddy-agent/1.14.19/154da3a65b4f4a909d3e5bdec55d1b2b4cbb6ce1/byte-buddy-agent-1.14.19.jar)
WARNING: If a serviceability tool is in use, please run with -XX:+EnableDynamicAgentLoading to hide this warning
WARNING: If a serviceability tool is not in use, please run with -Djdk.instrument.traceUsage for more information
WARNING: Dynamic loading of agents will be disallowed by default in a future release
]]></system-err>
</testsuite>
